1721206830483 POST /upload/loader/upload-json/1
1721206848669 POST /upload/loader/upload-json/1
1721206867888 POST /upload/loader/upload-json/1
1721206890205 POST /upload-json/1
1721206974396 POST /loader/upload-book/1
1721207099774 GET /loader/upload-book/1
1721207100036 GET /favicon.ico
1721216278113 GET /api/books
1721216312714 GET /api/books/upload
1721216459662 GET /
1721216460315 GET /
1721216466827 GET /api/books
1721216469982 GET /api/books/upload/
1721216472423 GET /api/books/upload
1721216523638 GET /
1721216574194 GET /
1721216580582 GET /api/books
1721216583694 GET /api/books/upload
1721216628025 GET /api/books/upload
1721216628681 GET /api/books/upload
1721216644136 GET /api/books/upload
1721216647466 GET /api/books/loader
1721216659552 POST /api/books/loader
1721216663418 POST /api/book/loader
1721216756815 GET /api/books/loader
1721216757881 GET /api/books/loader
1721216796323 GET /
1721216805485 GET /api/user
1721216808785 GET /api/users
1721216814996 GET /api/users/login
1721216835294 GET /api/user/login
1721216836063 GET /api/user/login
1721216880321 GET /api/user/login
1721216888050 GET /api/user/login
1721216888658 GET /api/user/login
1721216899127 GET /api/user/login
1721216905134 GET /api/user/login
1721216910030 GET /home
1721216915712 GET /
1721216937222 GET /api/books
1721216943190 GET /api/books/upload
1721216957995 GET /api/books/loader
1721217365570 GET /api/books/loader
1721217366367 GET /api/books/loader
1721217376146 GET /api/books/upload
1721217379733 GET /api/books/upload/load-book
1721217407611 GET /api/books/upload/%22load-book%22
1721217425051 GET /api/books/upload/%22load-book%22
1721217425672 GET /api/books/upload/%22load-book%22
1721217431465 GET /api/books/upload/load
1721282933608 GET /favicon.ico
1721282934376 GET /api/books/upload/load
1721282937513 GET /api/books/upload
1721282954385 GET /api/books/71
1721282958764 GET /api/books
1721282978168 GET /api/books/loader
1721282992369 GET /api/books/loader
1721282993259 GET /api/books/loader
1721283019379 GET /api/books
1721283022268 GET /api/user/login
1721283071576 GET /api/books
1721283073616 GET /api/books/loader
1721283096066 GET /api/book/loader
1721283099439 GET /api/book/
1721283208915 GET /api/book/get
1721283213832 GET /api/book/loader
1721283269760 GET /api/book/loader
1721376181136 GET /upload.html
1721376186694 GET /
1721376195790 GET /api/books
1721376208414 GET /api/book
1721376232489 GET /api/book
1721376310364 GET /api/book/loader
1721376321110 GET /api/book/get
1721376341880 GET /api/book/get
1721376345261 GET /api/book
1721376349578 GET /api/book/loader
1721376357451 GET /
1721376369117 GET /api/user/login
1721376715656 GET /api/book/loader
1721376733400 POST /upload
1721376791981 POST /upload
1721376795914 POST /upload
1721376943476 GET /api/book/loader
1721376945139 POST /upload
1721377017380 GET /api/book/loader
1721377022149 GET /api/book/loader/1
1721377051001 POST /upload
1721377110094 POST /upload
1721377167003 GET /
1721377184169 GET /api/book/loader/1
1721377202154 POST /loader/:id
1721377296714 POST /loader/:id
1721377300836 GET /api/book/loader/1
1721377302268 POST /api/book/loader/%60/action/$%7B:id%7D%60
1721377321986 GET /api/book/loader/1
1721377323632 POST /api/book/loader/1
1721380394121 GET /api/book/loader/1
1721380397142 GET /api/book/loader/1
1721380405173 POST /upload
1721380444851 GET /api/book/loader/1
1721380448653 POST /upload
1721380516508 GET /api/book/upload
1721380529530 GET /api/book/upload
1721380535750 GET /api/book/upload
1721380566889 GET /api/book/upload
1721380578769 GET /api/book/upload
1721380584642 GET /api/book/loader/1
1721380588928 GET /api/book/upload/?title=1&desc=asdf&auth=&fav=&fileName=&fileCover=
1721380622173 GET /api/book/loader/1
1721380639684 POST /api/book/upload/
1721380790031 POST /api/book/loader
1721380802684 GET /api/book/loader
1721380815357 GET /api/book/loader/1
1721380841669 GET /api/book/loader/1
1721380881279 POST /api/book/upload/
1721381408649 GET /api/book/loader
1721381432879 GET /api/book/loader
1721381435126 GET /api/book/
1721381438901 GET /api/book/loader
1721381464474 GET /api/book/loader/1
1721381505346 POST /api/book/loader/1
1721381540864 POST /api/book/loader/1
1721381565084 POST /api/book/loader/1
1721381611197 POST /api/book/upload
1721381641424 POST /api/book/upload
1721381645655 GET /api/book/loader/1
1721381646686 POST /api/book/upload
1721382097030 POST /api/book/upload/
1721382099897 GET /api/book/loader/1
1721382102430 POST /loader/upload
1721382230878 GET /api/book/loader/1
1721382232641 POST /loader/upload
1721382419947 GET /api/book/loader/1
1721382422035 POST /loader/upload
1721382429783 GET /api/book/loader/1
1721382432379 POST /loader/upload
1721382541017 GET /api/book/loader/1
1721382543217 POST /loader/upload
1721390705016 GET /api/book/loader/1
1721390709789 POST /loader/upload
1721390742836 GET /api/book/loader/1
1721390872470 GET /api/book/loader/1
1721390900603 POST /loader/upload
1721390927578 POST /loader/upload
1721391030519 GET /api/book/loader/1
1721391031448 POST /loader/upload
1721391681463 GET /api/book/loader/1
1721391690924 POST /loader/upload
1721392127205 GET /api/book/loader/1
1721392128478 POST /api/book/loader/1
1721392649399 GET /api/book/loader/1
1721392650276 GET /api/book/loader/1
1721392653832 POST /api/book/loader/1
1721392678980 GET /api/book/loader/1
1721392688121 POST /api/book/loader/1
1721392770620 POST /api/book/loader/1
1721392775887 GET /api/book/loader1
1721392778245 GET /api/book/loader1
1721392813798 GET /api/book/loader1
1721392821232 GET /api/book/loader1
1721392823354 GET /api/book/loader1
1721392825757 GET /api/book/loader
1721392826847 GET /api/book/loader/1
1721392830331 POST /loader/upload
1721393762035 GET /api/book/loader/1
1721393768134 POST /loader/upload
1721393817121 POST /loader/upload
1721393827914 GET /api/book/loader/1
1721393832755 POST /loader/upload
1721393858230 POST /loader/upload
1721486277645 GET /api/book/upload
1721486277863 GET /favicon.ico
1721486281570 GET /api/book/loader
1721486298687 GET /api/book/loader/upload
1721486308137 POST /api/book/loader/upload
1721486348300 GET /api/book/loader/upload
1721486354084 POST /api/book/loader/upload
1721486384315 GET /api/book/loader/upload
1721486388747 POST /api/book/loader/upload
1721486398159 GET /api/book/loader/upload
1721486403089 POST /api/book/loader/upload
1721486456596 GET /api/book/loader/upload
1721486460863 POST /api/book/loader/upload
1721486816268 GET /loader/upload
1721486850874 GET /loader/upload
1721486861273 GET /api/book/loader
1721487009332 GET /loader/upload
1721487015847 GET /api/book/loader
1721487020529 GET /api/book/loader/upload
1721487027891 POST /api/book/loader/upload
1721487077704 GET /api/book/loader/upload
1721487079807 GET /api/book/loader/upload
1721487083778 POST /api/book/loader/upload
1721487399651 GET /api/book/public/book.json
1721487573975 GET /api/book/public/book.json
1721487610507 GET /api/book/1441/download
1721487618851 GET /api/books/1441/download
1721487618864 GET /api/books/1441/download/
1721487832383 GET /api/book/loader/upload
1721487833527 GET /api/book/loader/upload
1721487837666 POST /api/book/loader/upload
1721487875784 GET /api/book/loader/upload
1721487881330 GET /api/book/loader/upload
1721487885248 POST /api/book/loader/upload
1721487988044 GET /api/book/loader/upload
1721487993419 POST /api/book/loader/upload
1721488004983 GET /api/book/loader/upload
1721488032851 GET /api/book/loader/upload
1721488037868 POST /api/book/loader/upload
