1721460597141 - GET /
1721460597236 - GET /favicon.ico
1721460625439 - GET /
1721460625505 - GET /favicon.ico
1721460629777 - GET /
1721460629872 - GET /favicon.ico
1721462006534 - GET /
1721462006615 - GET /favicon.ico
1721462007820 - GET /favicon.ico
1721462016735 - GET /api/book/upload
1721462016813 - GET /favicon.ico
1721462026162 - GET /api/book/upload.html
1721462026232 - GET /favicon.ico
1721462034376 - GET /api/book/upload.html
1721462034441 - GET /favicon.ico
1721462034897 - GET /api/book/upload.html
1721462034964 - GET /favicon.ico
1721462035311 - GET /api/book/upload.html
1721462035399 - GET /favicon.ico
1721462109359 - GET /api/book/upload.html
1721462109434 - GET /favicon.ico
1721462115383 - GET /api/book/upload
1721462146245 - GET /api/book/upload
1721462159760 - GET /api/book/upload
1721462818530 - GET /api/book/upload
1721462863921 - GET /api/book/upload
1721462916602 - GET /api/book/upload
1721463549174 - GET /api/book/upload
1721463584007 - GET /api/book/upload
1721463584543 - GET /api/book/upload
1721463584758 - GET /api/book/upload
1721463584922 - GET /api/book/upload
1721463585088 - GET /api/book/upload
1721463585228 - GET /api/book/upload
1721463585389 - GET /api/book/upload
1721463697252 - GET /api/book/upload
1721463787711 - GET /api/book/upload
1721463826895 - GET /api/book/upload
1721463881780 - GET /api/book/upload
1721463975907 - GET /api/book/upload
1721463976445 - GET /api/book/upload
1721466800967 - GET /api/book/upload.html
1721466807507 - GET /api/book/upload
1721466807734 - GET /api/book/upload
1721466863349 - GET /api/book/upload
1721466867856 - GET /api/book/upload
1721466879438 - GET /api/book/upload
1721466894376 - GET /api/book/upload
1721466905075 - GET /api/book/upload?title=%D0%9A%D0%BD%D0%B8%D0%B3%D0%B01&auth=%D0%9C%D0%B0%D1%80%D0%BA
1721467279011 - GET /api/book/upload?title=%D0%9A%D0%BD%D0%B8%D0%B3%D0%B01&auth=%D0%9C%D0%B0%D1%80%D0%BA
1721467280023 - GET /api/book/upload?title=%D0%9A%D0%BD%D0%B8%D0%B3%D0%B01&auth=%D0%9C%D0%B0%D1%80%D0%BA
1721467285864 - GET /api/book/upload
1721467313845 - GET /api/book/upload
1721467320912 - POST /api/book/upload
1721467406513 - GET /api/book/upload
1721467413799 - POST /api/book/upload
1721467415371 - POST /api/book/upload
1721467445126 - GET /api/book/upload
1721467457010 - POST /api/book/upload
1721467494637 - GET /api/book/upload
1721467496775 - GET /api/book/upload
1721467503528 - POST /api/book/upload
1721471083838 - GET /api/book/upload
1721471086307 - GET /api/book/upload
1721471091048 - POST /api/book/upload
1721471371395 - GET /api/book/upload
1721471372804 - GET /api/book/upload
1721471381753 - POST /api/book/upload
1721471446641 - POST /api/book/upload
1721471454713 - POST /api/book/upload
1721471704040 - POST /api/book/upload
1721471707063 - GET /api/book/upload
1721471708869 - GET /api/book/upload
1721472076509 - GET /api/book/upload
1721472085788 - POST /api/book/upload
1721472433724 - POST /api/book/upload
1721472455545 - POST /api/book/upload
1721472505049 - POST /api/book/upload
1721472514397 - POST /api/book/upload
1721472524075 - POST /api/book/upload
1721472547399 - POST /api/book/upload
1721472556769 - POST /api/book/upload
1721472565702 - POST /api/book/upload
1721472573454 - POST /api/book/upload
1721472584299 - POST /api/book/upload
1721472658650 - POST /api/book/upload
1721472717200 - POST /api/book/upload
1721472722282 - POST /api/book/upload
1721472864163 - POST /api/book/upload
1721472870078 - POST /uploadFinal
1721472910716 - POST /api/book/upload
1721472916564 - POST /uploadFinal
1721472954807 - POST /api/book/upload
1721472961717 - POST /api/book/uploadFinal
1721475433962 - POST /api/book/upload
1721475439242 - POST /api/book/uploadFinal
1721475579334 - POST /api/book/upload
1721475834239 - POST /api/book/upload
1721475978016 - POST /api/book/upload
1721476337669 - POST /api/book/upload
1721476341250 - POST /api/book/upload
1721476344549 - GET /api/book/upload
1721476349917 - POST /api/book/upload
1721476474981 - POST /api/book/upload
1721476514976 - POST /api/book/upload
1721476660861 - POST /api/book/upload
1721476671177 - POST /api/book/upload
1721476757141 - POST /api/book/upload
1721476848108 - POST /api/book/upload
1721476893887 - POST /api/book/upload
1721476903840 - POST /api/book/upload
1721477122315 - POST /api/book/upload
1721477204487 - POST /api/book/upload-img
1721477359356 - POST /api/book/upload-img
1721477363184 - POST /api/book/upload-img
1721477377206 - POST /api/book/upload-img
1721477435438 - POST /api/book/upload-img
1721477444748 - POST /api/book/upload-img
1721477474008 - POST /api/book/upload-img
1721477526750 - POST /api/book/upload-img
1721477548273 - GET /api/book/upload
1721477549599 - GET /api/book/upload
1721477551871 - GET /api/book/upload
1721477552400 - GET /api/book/upload
1721477555147 - GET /
1721477572003 - GET /api/book/upload
1721477588594 - GET /api/book/upload
1721477593810 - POST /api/book/upload
1721477648396 - POST /api/book/upload
1721477669018 - POST /api/book/upload
1721477700662 - GET /api/book/upload
1721477702349 - POST /api/book/upload
1722254459641 - GET /
1722254485418 - GET /home
1722254485531 - GET /favicon.ico
1722254490298 - GET /api/book/loader
1722254490781 - GET /api/book/loader
1722254500023 - GET /api/book/upload
1722254600826 - GET /home
1722254610448 - GET /api/book/loader
1722254611897 - GET /api/book/home
1722254673059 - GET /api/book/home
1722255642678 - GET /api/book/home
1722255643443 - GET /api/book/home
